Symbol range map extraction starting
Processing 10 files
startProcessing "com\minedogg\seriouscraft\SeriousCraft.java" md5: a2d04818ccf17bc4beff21ad21595fb0
endProcessing "com\minedogg\seriouscraft\SeriousCraft.java"

startProcessing "com\minedogg\seriouscraft\handlers\ItemHandler.java" md5: ea12aaad7b08126921bd3c971a6d4ca1
endProcessing "com\minedogg\seriouscraft\handlers\ItemHandler.java"

startProcessing "com\minedogg\seriouscraft\handlers\package-info.java" md5: 093f5fd746462fcae3ec4ebc5639b300
endProcessing "com\minedogg\seriouscraft\handlers\package-info.java"

startProcessing "com\minedogg\seriouscraft\items\ItemScItem.java" md5: 895d5cff17e8ec0226a896164ce2161b
endProcessing "com\minedogg\seriouscraft\items\ItemScItem.java"

startProcessing "com\minedogg\seriouscraft\items\ModItem.java" md5: 99908a1d37404cf1494161745656a73d
endProcessing "com\minedogg\seriouscraft\items\ModItem.java"

startProcessing "com\minedogg\seriouscraft\items\package-info.java" md5: bfeb0a67a70ab433cf4038905a7b92f2
endProcessing "com\minedogg\seriouscraft\items\package-info.java"

startProcessing "com\minedogg\seriouscraft\proxy\ClientProxy.java" md5: 066563596c355158d3b1d772265b7644
endProcessing "com\minedogg\seriouscraft\proxy\ClientProxy.java"

startProcessing "com\minedogg\seriouscraft\proxy\CommonProxy.java" md5: 0e8c50762152623775ac15e50c33f749
endProcessing "com\minedogg\seriouscraft\proxy\CommonProxy.java"

startProcessing "com\minedogg\seriouscraft\proxy\IProxy.java" md5: 0e19d4ea2592a5f7239184ff5c6eec2a
endProcessing "com\minedogg\seriouscraft\proxy\IProxy.java"

startProcessing "com\minedogg\seriouscraft\proxy\package-info.java" md5: 6b3c973d57ddb9d300a87dd698c6fb40
endProcessing "com\minedogg\seriouscraft\proxy\package-info.java"

