[18:57:25] [Server thread/INFO]: Starting minecraft server version 1.12
[18:57:29] [Server thread/INFO]: Loading properties
[18:57:29] [Server thread/INFO]: Default game type: SURVIVAL
[18:57:29] [Server thread/INFO]: Generating keypair
[18:57:30] [Server thread/INFO]: Starting Minecraft server on *:25565
[18:57:30] [Server thread/INFO]: Using default channel type
[18:57:31] [Server thread/INFO]: Preparing level "world"
[18:57:32] [Server thread/INFO]: Loaded 488 advancements
[18:57:33] [Server thread/INFO]: Preparing start region for level 0
[18:57:34] [Server thread/INFO]: Preparing spawn area: 4%
[18:57:35] [Server thread/INFO]: Preparing spawn area: 7%
[18:57:36] [Server thread/INFO]: Preparing spawn area: 16%
[18:57:37] [Server thread/INFO]: Preparing spawn area: 23%
[18:57:38] [Server thread/INFO]: Preparing spawn area: 33%
[18:57:39] [Server thread/INFO]: Preparing spawn area: 45%
[18:57:40] [Server thread/INFO]: Preparing spawn area: 56%
[18:57:41] [Server thread/INFO]: Preparing spawn area: 67%
[18:57:42] [Server thread/INFO]: Preparing spawn area: 78%
[18:57:43] [Server thread/INFO]: Preparing spawn area: 89%
[18:57:44] [Server thread/INFO]: Preparing spawn area: 99%
[18:57:44] [Server thread/INFO]: Done (13,928s)! For help, type "help" or "?"
