[17:55:03] [main/INFO]: Setting user: Player13
[17:55:07] [main/WARN]: Skipping bad option: lastServer:
[17:55:07] [main/INFO]: LWJGL Version: 2.9.4
[17:55:11] [main/INFO]: Reloading ResourceManager: Default, FMLFileResourcePack:Forge Mod Loader, FMLFileResourcePack:Minecraft Forge, FMLFileResourcePack:SERiOUSCRAFT
[17:55:13] [Sound Library Loader/INFO]: Starting up SoundSystem...
[17:55:13] [Thread-5/INFO]: Initializing LWJGL OpenAL
[17:55:13] [Thread-5/INFO]: (The LWJGL binding of OpenAL.  For more information, see http://www.lwjgl.org)
[17:55:13] [Thread-5/INFO]: OpenAL initialized.
[17:55:13] [Sound Library Loader/INFO]: Sound engine started
[17:55:16] [main/INFO]: Created: 512x512 textures-atlas
[17:55:18] [main/WARN]: Skipping bad option: lastServer:
[17:55:18] [main/INFO]: Narrator library for x64 successfully loaded
[17:55:20] [Realms Notification Availability checker #1/INFO]: Could not authorize you against Realms server: Invalid session id
[17:55:33] [Server thread/INFO]: Starting integrated minecraft server version 1.12
[17:55:33] [Server thread/INFO]: Generating keypair
[17:55:34] [Server thread/INFO]: Loaded 488 advancements
[17:55:34] [Server thread/INFO]: Preparing start region for level 0
[17:55:35] [Server thread/INFO]: Preparing spawn area: 65%
[17:55:35] [Server thread/INFO]: Changing view distance to 12, from 10
[17:55:36] [Server thread/INFO]: Player13[local:E:bcb9f559] logged in with entity id 362 at (37.5, 64.0, -47.5)
[17:55:36] [Server thread/INFO]: Player13 joined the game
[17:55:38] [Server thread/INFO]: Saving and pausing game...
[17:55:38] [Server thread/INFO]: Saving chunks for level 'New World'/overworld
[17:55:38] [Server thread/INFO]: Saving chunks for level 'New World'/the_nether
[17:55:38] [Server thread/INFO]: Saving chunks for level 'New World'/the_end
[17:55:38] [pool-2-thread-1/WARN]: Couldn't look up profile properties for com.mojang.authlib.GameProfile@4b272622[id=2fc0a39d-546e-3157-a8f0-76169a9f279b,name=Player13,properties={},legacy=false]
com.mojang.authlib.exceptions.AuthenticationException: The client has sent too many requests within a certain amount of time
	at com.mojang.authlib.yggdrasil.YggdrasilAuthenticationService.makeRequest(YggdrasilAuthenticationService.java:79) ~[YggdrasilAuthenticationService.class:?]
	at com.mojang.authlib.yggdrasil.YggdrasilMinecraftSessionService.fillGameProfile(YggdrasilMinecraftSessionService.java:180) [YggdrasilMinecraftSessionService.class:?]
	at com.mojang.authlib.yggdrasil.YggdrasilMinecraftSessionService$1.load(YggdrasilMinecraftSessionService.java:60) [YggdrasilMinecraftSessionService$1.class:?]
	at com.mojang.authlib.yggdrasil.YggdrasilMinecraftSessionService$1.load(YggdrasilMinecraftSessionService.java:57) [YggdrasilMinecraftSessionService$1.class:?]
	at com.google.common.cache.LocalCache$LoadingValueReference.loadFuture(LocalCache.java:3716) [guava-21.0.jar:?]
	at com.google.common.cache.LocalCache$Segment.loadSync(LocalCache.java:2424) [guava-21.0.jar:?]
	at com.google.common.cache.LocalCache$Segment.lockedGetOrLoad(LocalCache.java:2298) [guava-21.0.jar:?]
	at com.google.common.cache.LocalCache$Segment.get(LocalCache.java:2211) [guava-21.0.jar:?]
	at com.google.common.cache.LocalCache.get(LocalCache.java:4154) [guava-21.0.jar:?]
	at com.google.common.cache.LocalCache.getOrLoad(LocalCache.java:4158) [guava-21.0.jar:?]
	at com.google.common.cache.LocalCache$LocalLoadingCache.get(LocalCache.java:5147) [guava-21.0.jar:?]
	at com.google.common.cache.LocalCache$LocalLoadingCache.getUnchecked(LocalCache.java:5153) [guava-21.0.jar:?]
	at com.mojang.authlib.yggdrasil.YggdrasilMinecraftSessionService.fillProfileProperties(YggdrasilMinecraftSessionService.java:170) [YggdrasilMinecraftSessionService.class:?]
	at net.minecraft.client.Minecraft.getProfileProperties(Minecraft.java:3161) [Minecraft.class:?]
	at net.minecraft.client.resources.SkinManager$3.run(SkinManager.java:138) [SkinManager$3.class:?]
	at java.util.concurrent.Executors$RunnableAdapter.call(Executors.java:511) [?:1.8.0_131]
	at java.util.concurrent.FutureTask.run(FutureTask.java:266) [?:1.8.0_131]
	at java.util.concurrent.ThreadPoolExecutor.runWorker(ThreadPoolExecutor.java:1142) [?:1.8.0_131]
	at java.util.concurrent.ThreadPoolExecutor$Worker.run(ThreadPoolExecutor.java:617) [?:1.8.0_131]
	at java.lang.Thread.run(Thread.java:748) [?:1.8.0_131]
[17:55:40] [main/INFO]: Loaded 7 advancements
[17:55:47] [Server thread/WARN]: Can't keep up! Did the system time change, or is the server overloaded? Running 2984ms behind, skipping 59 tick(s)
[17:55:50] [Server thread/INFO]: Saving and pausing game...
[17:55:50] [Server thread/INFO]: Saving chunks for level 'New World'/overworld
[17:55:50] [Server thread/INFO]: Saving chunks for level 'New World'/the_nether
[17:55:50] [Server thread/INFO]: Saving chunks for level 'New World'/the_end
[17:55:51] [Server thread/INFO]: Stopping server
[17:55:51] [Server thread/INFO]: Saving players
[17:55:51] [Server thread/INFO]: Player13 lost connection: Disconnected
[17:55:51] [Server thread/INFO]: Player13 left the game
[17:55:51] [Server thread/INFO]: Stopping singleplayer server as player logged out
[17:55:51] [Server thread/INFO]: Saving worlds
[17:55:51] [Server thread/INFO]: Saving chunks for level 'New World'/overworld
[17:55:51] [Server thread/INFO]: Saving chunks for level 'New World'/the_nether
[17:55:51] [Server thread/INFO]: Saving chunks for level 'New World'/the_end
[17:55:53] [main/INFO]: Stopping!
[17:55:53] [main/INFO]: SoundSystem shutting down...
[17:55:53] [main/WARN]: Author: Paul Lamb, www.paulscode.com
